Crashlog created at 2021-05-01 00:08:48 +0000

===== MESSAGE:

Sass::SyntaxError: Invalid CSS after "  box-shadow: ": expected expression (e.g. 1px, bold), was ";"

===== ITEM BEING COMPILED:

Current item: /css/stylesheet.scss (:default representation)

===== STACK TRACE:

  0. /css/stylesheet.scss:348
  1. /usr/local/bundle/gems/sass-3.7.4/lib/sass/scss/parser.rb:1308:in `expected'
  2. /usr/local/bundle/gems/sass-3.7.4/lib/sass/script/lexer.rb:240:in `expected!'
  3. /usr/local/bundle/gems/sass-3.7.4/lib/sass/script/parser.rb:855:in `assert_expr'
  4. /usr/local/bundle/gems/sass-3.7.4/lib/sass/script/parser.rb:68:in `parse'
  5. /usr/local/bundle/gems/sass-3.7.4/lib/sass/scss/parser.rb:1164:in `sass_script'
  6. /usr/local/bundle/gems/sass-3.7.4/lib/sass/scss/parser.rb:1002:in `value!'
  7. /usr/local/bundle/gems/sass-3.7.4/lib/sass/scss/parser.rb:807:in `block in try_declaration'
  8. /usr/local/bundle/gems/sass-3.7.4/lib/sass/scss/parser.rb:1284:in `rethrow'
  9. /usr/local/bundle/gems/sass-3.7.4/lib/sass/scss/parser.rb:820:in `try_declaration'
  10. /usr/local/bundle/gems/sass-3.7.4/lib/sass/scss/parser.rb:743:in `declaration_or_ruleset'
  11. /usr/local/bundle/gems/sass-3.7.4/lib/sass/scss/parser.rb:708:in `block_child'
  12. /usr/local/bundle/gems/sass-3.7.4/lib/sass/scss/parser.rb:700:in `block_contents'
  13. /usr/local/bundle/gems/sass-3.7.4/lib/sass/scss/parser.rb:689:in `block'
  14. /usr/local/bundle/gems/sass-3.7.4/lib/sass/scss/parser.rb:681:in `ruleset'
  15. /usr/local/bundle/gems/sass-3.7.4/lib/sass/scss/parser.rb:707:in `block_child'
  16. /usr/local/bundle/gems/sass-3.7.4/lib/sass/scss/parser.rb:700:in `block_contents'
  17. /usr/local/bundle/gems/sass-3.7.4/lib/sass/scss/parser.rb:137:in `stylesheet'
  18. /usr/local/bundle/gems/sass-3.7.4/lib/sass/scss/parser.rb:41:in `parse'
  19. /usr/local/bundle/gems/sass-3.7.4/lib/sass/engine.rb:414:in `_to_tree'
  20. /usr/local/bundle/gems/sass-3.7.4/lib/sass/engine.rb:290:in `render'
  21. /usr/local/bundle/gems/nanoc-4.12.1/lib/nanoc/filters/sass.rb:36:in `render'
  22. /usr/local/bundle/gems/nanoc-4.12.1/lib/nanoc/filters/sass.rb:8:in `css'
  23. /usr/local/bundle/gems/nanoc-4.12.1/lib/nanoc/filters/sass.rb:57:in `run'
  24. /usr/local/bundle/gems/nanoc-core-4.12.1/lib/nanoc/core/filter.rb:188:in `setup_and_run'
  25. /usr/local/bundle/gems/nanoc-core-4.12.1/lib/nanoc/core/executor.rb:22:in `filter'
  26. /usr/local/bundle/gems/nanoc-core-4.12.1/lib/nanoc/core/compilation_phases/recalculate.rb:32:in `block in run'
  27. /usr/local/bundle/gems/nanoc-core-4.12.1/lib/nanoc/core/action_sequence.rb:49:in `block in each'
  28. /usr/local/bundle/gems/nanoc-core-4.12.1/lib/nanoc/core/action_sequence.rb:49:in `each'
  29. /usr/local/bundle/gems/nanoc-core-4.12.1/lib/nanoc/core/action_sequence.rb:49:in `each'
  30. /usr/local/bundle/gems/nanoc-core-4.12.1/lib/nanoc/core/compilation_phases/recalculate.rb:29:in `run'
  31. /usr/local/bundle/gems/nanoc-core-4.12.1/lib/nanoc/core/compilation_phases/abstract.rb:23:in `call'
  32. /usr/local/bundle/gems/nanoc-core-4.12.1/lib/nanoc/core/compilation_phases/abstract.rb:25:in `block in call'
  33. /usr/local/bundle/gems/nanoc-core-4.12.1/lib/nanoc/core/compilation_phases/cache.rb:25:in `run'
  34. /usr/local/bundle/gems/nanoc-core-4.12.1/lib/nanoc/core/compilation_phases/abstract.rb:23:in `call'
  35. /usr/local/bundle/gems/nanoc-core-4.12.1/lib/nanoc/core/compilation_phases/abstract.rb:25:in `block in call'
  36. /usr/local/bundle/gems/nanoc-core-4.12.1/lib/nanoc/core/compilation_phases/resume.rb:14:in `block in run'

===== VERSION INFORMATION:

Nanoc 4.12.1 © 2007–2021 Denis Defreyne.
Running ruby 3.0.1 (2021-04-05) on x86_64-linux with RubyGems 3.2.15.

===== SYSTEM INFORMATION:

Linux 2a74d9612252 5.6.0-1007-oem #7-Ubuntu SMP Mon Apr 6 08:54:58 UTC 2020 x86_64 GNU/Linux

===== INSTALLED GEMS:

  addressable 2.7.0
  adsf 1.4.5
  adsf-live 1.4.5
  bundler 2.2.15
  colored 1.2
  concurrent-ruby 1.1.8
  cri 2.15.11
  ddmemoize 1.0.0
  ddmetrics 1.0.1
  ddplugin 1.0.3
  diff-lcs 1.4.4
  em-websocket 0.5.2
  eventmachine 1.2.7
  ffi 1.15.0
  hamster 3.0.0
  http_parser.rb 0.6.0
  json_schema 0.21.0
  kramdown 2.3.1
  listen 3.5.1
  nanoc 4.12.1
  nanoc-checking 1.0.1
  nanoc-cli 4.12.1
  nanoc-core 4.12.1
  nanoc-deploying 1.0.1
  nanoc-live 1.0.0
  parallel 1.20.1
  pastel 0.8.0
  public_suffix 4.0.6
  rack 2.2.3
  rack-livereload 0.3.17
  rb-fsevent 0.10.4
  rb-inotify 0.10.1
  ref 2.0.0
  rexml 3.2.5
  sass 3.7.4
  sass-listen 4.0.0
  slow_enumerator_tools 1.1.0
  tty-color 0.6.0
  tty-command 0.10.1
  tty-platform 0.3.0
  tty-which 0.4.2
  webrick 1.7.0
  zeitwerk 2.4.2

===== GEMFILE.LOCK:

GEM
  remote: https://rubygems.org/
  specs:
    addressable (2.7.0)
      public_suffix (>= 2.0.2, < 5.0)
    adsf (1.4.5)
      rack (>= 1.0.0, < 3.0.0)
    adsf-live (1.4.5)
      adsf (~> 1.3)
      em-websocket (~> 0.5)
      eventmachine (~> 1.2)
      listen (~> 3.0)
      rack-livereload (~> 0.3)
    colored (1.2)
    concurrent-ruby (1.1.8)
    cri (2.15.11)
    ddmemoize (1.0.0)
      ddmetrics (~> 1.0)
      ref (~> 2.0)
    ddmetrics (1.0.1)
    ddplugin (1.0.3)
    diff-lcs (1.4.4)
    em-websocket (0.5.2)
      eventmachine (>= 0.12.9)
      http_parser.rb (~> 0.6.0)
    eventmachine (1.2.7)
    ffi (1.15.0)
    hamster (3.0.0)
      concurrent-ruby (~> 1.0)
    http_parser.rb (0.6.0)
    json_schema (0.21.0)
    kramdown (2.3.1)
      rexml
    listen (3.5.1)
      rb-fsevent (~> 0.10, >= 0.10.3)
      rb-inotify (~> 0.9, >= 0.9.10)
    nanoc (4.12.1)
      addressable (~> 2.5)
      colored (~> 1.2)
      nanoc-checking (~> 1.0)
      nanoc-cli (= 4.12.1)
      nanoc-core (= 4.12.1)
      nanoc-deploying (~> 1.0)
      parallel (~> 1.12)
      tty-command (~> 0.8)
      tty-which (~> 0.4)
    nanoc-checking (1.0.1)
      nanoc-cli (~> 4.11, >= 4.11.15)
      nanoc-core (~> 4.11, >= 4.11.15)
    nanoc-cli (4.12.1)
      cri (~> 2.15)
      diff-lcs (~> 1.3)
      nanoc-core (= 4.12.1)
      zeitwerk (~> 2.1)
    nanoc-core (4.12.1)
      concurrent-ruby (~> 1.1)
      ddmemoize (~> 1.0)
      ddmetrics (~> 1.0)
      ddplugin (~> 1.0)
      hamster (~> 3.0)
      json_schema (~> 0.19)
      slow_enumerator_tools (~> 1.0)
      tty-platform (~> 0.2)
      zeitwerk (~> 2.1)
    nanoc-deploying (1.0.1)
      nanoc-checking (~> 1.0)
      nanoc-cli (~> 4.11, >= 4.11.15)
      nanoc-core (~> 4.11, >= 4.11.15)
    nanoc-live (1.0.0)
      adsf-live (~> 1.4)
      listen (~> 3.0)
      nanoc-cli (~> 4.11, >= 4.11.14)
      nanoc-core (~> 4.11, >= 4.11.14)
    parallel (1.20.1)
    pastel (0.8.0)
      tty-color (~> 0.5)
    public_suffix (4.0.6)
    rack (2.2.3)
    rack-livereload (0.3.17)
      rack
    rb-fsevent (0.10.4)
    rb-inotify (0.10.1)
      ffi (~> 1.0)
    ref (2.0.0)
    rexml (3.2.5)
    sass (3.7.4)
      sass-listen (~> 4.0.0)
    sass-listen (4.0.0)
      rb-fsevent (~> 0.9, >= 0.9.4)
      rb-inotify (~> 0.9, >= 0.9.7)
    slow_enumerator_tools (1.1.0)
    tty-color (0.6.0)
    tty-command (0.10.1)
      pastel (~> 0.8)
    tty-platform (0.3.0)
    tty-which (0.4.2)
    webrick (1.7.0)
    zeitwerk (2.4.2)

PLATFORMS
  x86_64-linux

DEPENDENCIES
  adsf
  kramdown
  nanoc (~> 4.12.1)
  nanoc-live
  sass
  webrick

BUNDLED WITH
   2.2.15

===== LOAD PATHS:

  0. /usr/local/bundle/gems/http_parser.rb-0.6.0/lib
  1. /usr/local/bundle/gems/em-websocket-0.5.2/lib/../lib
  2. /usr/local/bundle/gems/ref-2.0.0/lib
  3. /usr/local/bundle/gems/webrick-1.7.0/lib
  4. /usr/local/bundle/gems/sass-3.7.4/lib
  5. /usr/local/bundle/gems/sass-listen-4.0.0/lib
  6. /usr/local/bundle/gems/nanoc-live-1.0.0/lib
  7. /usr/local/bundle/gems/nanoc-4.12.1/lib
  8. /usr/local/bundle/gems/tty-which-0.4.2/lib
  9. /usr/local/bundle/gems/tty-command-0.10.1/lib
  10. /usr/local/bundle/gems/pastel-0.8.0/lib
  11. /usr/local/bundle/gems/tty-color-0.6.0/lib
  12. /usr/local/bundle/gems/parallel-1.20.1/lib
  13. /usr/local/bundle/gems/nanoc-deploying-1.0.1/lib
  14. /usr/local/bundle/gems/nanoc-checking-1.0.1/lib
  15. /usr/local/bundle/gems/nanoc-cli-4.12.1/lib
  16. /usr/local/bundle/gems/nanoc-core-4.12.1/lib
  17. /usr/local/bundle/gems/zeitwerk-2.4.2/lib
  18. /usr/local/bundle/gems/tty-platform-0.3.0/lib
  19. /usr/local/bundle/gems/slow_enumerator_tools-1.1.0/lib
  20. /usr/local/bundle/gems/kramdown-2.3.1/lib
  21. /usr/local/lib/ruby/gems/3.0.0/gems/rexml-3.2.5/lib
  22. /usr/local/bundle/gems/json_schema-0.21.0/lib
  23. /usr/local/bundle/gems/hamster-3.0.0/lib
  24. /usr/local/bundle/gems/diff-lcs-1.4.4/lib
  25. /usr/local/bundle/gems/ddplugin-1.0.3/lib
  26. /usr/local/bundle/gems/ddmemoize-1.0.0/lib
  27. /usr/local/bundle/gems/ref-2.0.0/lib
  28. /usr/local/bundle/gems/ddmetrics-1.0.1/lib
  29. /usr/local/bundle/gems/cri-2.15.11/lib
  30. /usr/local/bundle/gems/concurrent-ruby-1.1.8/lib/concurrent-ruby
  31. /usr/local/bundle/gems/colored-1.2/lib
  32. /usr/local/lib/ruby/gems/3.0.0/gems/bundler-2.2.15/lib
  33. /usr/local/bundle/gems/adsf-live-1.4.5/lib
  34. /usr/local/bundle/gems/rack-livereload-0.3.17/lib
  35. /usr/local/bundle/gems/listen-3.5.1/lib
  36. /usr/local/bundle/gems/rb-inotify-0.10.1/lib
  37. /usr/local/bundle/gems/ffi-1.15.0/lib
  38. /usr/local/bundle/extensions/x86_64-linux/3.0.0/ffi-1.15.0
  39. /usr/local/bundle/gems/rb-fsevent-0.10.4/lib
  40. /usr/local/bundle/gems/em-websocket-0.5.2/lib
  41. /usr/local/bundle/gems/http_parser.rb-0.6.0/lib
  42. /usr/local/bundle/extensions/x86_64-linux/3.0.0/http_parser.rb-0.6.0
  43. /usr/local/bundle/gems/eventmachine-1.2.7/lib
  44. /usr/local/bundle/extensions/x86_64-linux/3.0.0/eventmachine-1.2.7
  45. /usr/local/bundle/gems/adsf-1.4.5/lib
  46. /usr/local/bundle/gems/rack-2.2.3/lib
  47. /usr/local/bundle/gems/addressable-2.7.0/lib
  48. /usr/local/bundle/gems/public_suffix-4.0.6/lib
  49. /usr/local/lib/ruby/site_ruby/3.0.0
  50. /usr/local/lib/ruby/site_ruby/3.0.0/x86_64-linux
  51. /usr/local/lib/ruby/site_ruby
  52. /usr/local/lib/ruby/vendor_ruby/3.0.0
  53. /usr/local/lib/ruby/vendor_ruby/3.0.0/x86_64-linux
  54. /usr/local/lib/ruby/vendor_ruby
  55. /usr/local/lib/ruby/3.0.0
  56. /usr/local/lib/ruby/3.0.0/x86_64-linux
